<?xml version="1.0" encoding="UTF-8"?>
<testng-results skipped="0" failed="0" ignored="0" total="1" passed="1">
  <reporter-output>
  </reporter-output>
  <suite name="LoginSuite" duration-ms="18226" started-at="2017-09-05T02:37:01Z" finished-at="2017-09-05T02:37:20Z">
    <groups>
    </groups>
    <test name="LoginTest" duration-ms="18226" started-at="2017-09-05T02:37:01Z" finished-at="2017-09-05T02:37:20Z">
      <class name="testSuites.TestLogin">
        <test-method status="PASS" signature="setUp()[pri:0, instance:testSuites.TestLogin@394df057]" name="setUp" is-config="true" duration-ms="17390" started-at="2017-09-04T22:36:44Z" finished-at="2017-09-04T22:37:01Z">
          <reporter-output>
          </reporter-output>
        </test-method> <!-- setUp -->
        <test-method status="PASS" signature="testSetUp()[pri:0, instance:testSuites.TestLogin@394df057]" name="testSetUp" is-config="true" duration-ms="5" started-at="2017-09-04T22:37:01Z" finished-at="2017-09-04T22:37:01Z">
          <reporter-output>
          </reporter-output>
        </test-method> <!-- testSetUp -->
        <test-method status="PASS" signature="loginTest(java.lang.String, java.lang.String)[pri:0, instance:testSuites.TestLogin@394df057]" name="loginTest" duration-ms="17913" started-at="2017-09-04T22:37:01Z" description="Login Successfully with vallid details" data-provider="getData" finished-at="2017-09-04T22:37:19Z">
          <params>
            <param index="0">
              <value>
                <![CDATA[archadda_admin]]>
              </value>
            </param>
            <param index="1">
              <value>
                <![CDATA[admin123]]>
              </value>
            </param>
          </params>
          <reporter-output>
          </reporter-output>
        </test-method> <!-- loginTest -->
        <test-method status="PASS" signature="afterTest(java.lang.reflect.Method)[pri:0, instance:testSuites.TestLogin@394df057]" name="afterTest" is-config="true" duration-ms="273" started-at="2017-09-04T22:37:19Z" finished-at="2017-09-04T22:37:20Z">
          <params>
            <param index="0">
              <value>
                <![CDATA[public void testSuites.TestLogin.loginTest(java.lang.String,java.lang.String) throws java.lang.InterruptedException]]>
              </value>
            </param>
          </params>
          <reporter-output>
          </reporter-output>
        </test-method> <!-- afterTest -->
        <test-method status="PASS" signature="tearDown()[pri:0, instance:testSuites.TestLogin@394df057]" name="tearDown" is-config="true" duration-ms="871" started-at="2017-09-04T22:37:20Z" finished-at="2017-09-04T22:37:20Z">
          <reporter-output>
          </reporter-output>
        </test-method> <!-- tearDown -->
      </class> <!-- testSuites.TestLogin -->
    </test> <!-- LoginTest -->
  </suite> <!-- LoginSuite -->
</testng-results>
